4225	Error 	Unknown 	2022-01-04 13:06:41 	hi 	A new anonymous user has tried to log in with password: 'hoih' 
4222	Error 	Unknown 	2022-01-04 13:10:21 	vuyv 	Anonymous user has tried to log in with password: 'vbjhv'and the number of attempts is2 
4222	Error 	Unknown 	2022-01-04 13:15:10 	kjbiub 	Anonymous user has tried to log in with password: 'chgc'and the number of attempts is3 
4222	Error 	Unknown 	2022-01-04 13:15:25 	nsrgin 	Anonymous user has tried to log in with password: 'smdopf'and the number of attempts is4 
4222	Error 	Unknown 	2022-01-04 13:15:59 	rgrmbor 	Anonymous user has tried to log in with password: 'rmgomr'and the number of attempts is5 
4223	Error 	Unknown 	2022-01-04 13:16:15 	nvinre 	Anonymous user has tried to log in with password: 'sdmnvon', and the number of attempts has exceeded the limit 
4201	Error 	Unknown 	2022-01-04 13:16:31 	admin 	The user has tried to log in with the wrong password: 'asnfie' 
4224	Error 	Unknown 	2022-01-05 23:21:45 	adiubuibmin 	Anonymous user has tried to log in with password: 'jbiub' after the ban time is over 
4222	Error 	Unknown 	2022-01-05 23:24:51 	sgrubg 	Anonymous user has tried to log in with password: 'noinboi'and the number of attempts is2 
4221	Error 	Unknown 	2022-01-05 23:27:49 	srbuirbug 	Anonymous user has tried to log in with password: 'rigi' 
4222	Error 	Unknown 	2022-01-05 23:31:43 	kjsrbgibur 	Anonymous user has tried to log in with password: 'rogi'and the number of attempts is 2 
4222	Error 	Unknown 	2022-01-05 23:31:51 	uyvuyv 	Anonymous user has tried to log in with password: 'rxr'and the number of attempts is 3 
4222	Error 	Unknown 	2022-01-05 23:32:00 	jhvuyv 	Anonymous user has tried to log in with password: 'VUYV'and the number of attempts is 4 
4222	Error 	Unknown 	2022-01-05 23:32:23 	UYVYU 	Anonymous user has tried to log in with password: 'rx54x&amp;#39;'and the number of attempts is 5 
4223	Error 	Unknown 	2022-01-05 23:32:38 	uyvu 	Anonymous user has tried to log in with password: 'rrx', and the number of attempts has exceeded the limit 
4225	Error 	Unknown 	2022-01-05 23:38:00 	uuyvuy 	A new anonymous user has tried to log in with password: 'ugiubt' 
4201	Error 	Unknown 	2022-01-06 11:12:53 	admin 	The user has tried to log in with the wrong password: 'kjbu' 
4202	Error 	Unknown 	2022-01-06 11:15:53 	admin 	The user has tried to log in with the wrong password: 'cytcytc'and the number of attempts is2 
4202	Error 	Unknown 	2022-01-06 11:16:06 	admin 	The user has tried to log in with the wrong password: 'vuycy'and the number of attempts is3 
4202	Error 	Unknown 	2022-01-06 11:16:14 	admin 	The user has tried to log in with the wrong password: 'kjbuibu'and the number of attempts is4 
4202	Error 	Unknown 	2022-01-06 11:16:22 	admin 	The user has tried to log in with the wrong password: 'jbuybyu'and the number of attempts is5 
4223	Error 	Unknown 	2022-01-06 11:16:31 	admin 	Anonymous user has tried to log in with password: 'iugu', and the number of attempts has exceeded the limit 
4204	Error 	Unknown 	2022-01-06 11:22:08 	admin 	The user has tried to log in with the wrong password: 'hvkjbu' after the ban time is over 
4202	Error 	Unknown 	2022-01-06 11:23:01 	admin 	The user has tried to log in with the wrong password: 'jhvyu'and the number of attempts is 2 
4202	Error 	Unknown 	2022-01-06 11:23:08 	admin 	The user has tried to log in with the wrong password: 'cgf'and the number of attempts is 3 
4202	Error 	Unknown 	2022-01-06 11:23:17 	admin 	The user has tried to log in with the wrong password: 'jh'and the number of attempts is 4 
4202	Error 	Unknown 	2022-01-06 11:23:25 	admin 	The user has tried to log in with the wrong password: 'hgvyv'and the number of attempts is 5 
4203	Error 	Unknown 	2022-01-06 11:23:33 	admin 	The user has tried to log in with the wrong password: 'jbuibu', and the number of attempts has exceeded the limit 
4203	Error 	Unknown 	2022-01-06 11:26:35 	admin 	The user has tried to log in with the wrong password: 'kjbuib', and the number of attempts has exceeded the limit 
4204	Error 	Unknown 	2022-01-06 11:28:09 	admin 	The user has tried to log in with the wrong password: 'hjvy' after the ban time is over 
4202	Error 	Unknown 	2022-01-06 11:31:03 	admin 	The user has tried to log in with the wrong password: 'lksnif'and the number of attempts is 2 
4201	Error 	Unknown 	2022-01-06 11:33:09 	admin 	The user has tried to log in with the wrong password: 'kjbrgui' 
3202	Warning 	Unknown 	2022-01-06 11:37:09 	admin 	The user has tried to log in with the right password but after more than 5 attempts 
2201\Information 	Unknown 	2022-01-06 11:39:21 	admin 	The user has logged in successfully 
3202	Warning 	Unknown 	2022-01-06 12:03:21 	admin 	The user has tried to log in with the right password but after more than 5 attempts 
2201	Information 	Unknown 	2022-01-06 12:05:31 	admin 	The user has logged in successfully 
2202	Information 	 	2022-01-06 11:06:19 	admin 	The user has logged out successfully 
2201	Information 	Unknown 	2022-01-06 12:07:29 	admin 	The user has logged in successfully 
2203	Information 	Unknown 	2022-01-06 13:36:31 	admin 	The user has logged out after an inactive time 
2202	Information 	Unknown 	2022-01-06 13:36:31 	admin 	The user has logged out successfully 
2201	Information 	Unknown 	2022-01-06 13:38:42 	admin 	The user has logged in successfully 
3322	Warning 	Unknown 	2022-01-06 14:40:53 	admin 	The user has tried to add a printer with Image: 'Android Multi Tools v1.02b_3.rar' that has an unallowed extension, and Image size: '339425' 
2203	Information 	Unknown 	2022-01-06 14:40:53 	admin 	The user has logged out after an inactive time 
2202	Information 	Unknown 	2022-01-06 14:40:53 	admin 	The user has logged out successfully 
4201	Error 	Unknown 	2022-01-06 14:54:26 	admin 	The user has tried to log in with the wrong password: 'A2w46x8s0' 
2201	Information 	Unknown 	2022-01-06 14:54:42 	admin 	The user has logged in successfully 
3322	Warning 	Unknown 	2022-01-06 14:55:40 	admin 	The user has tried to add a printer with Image: 'Android Multi Tools v1.02b_3.rar' that has an unallowed extension, and Image size: '339425' 
3321	Warning 	Unknown 	2022-01-06 15:00:26 	admin 	The user has tried to add a printer with an oversized Image: '20210920_144200.jpg', and Image size: '5456015' 
2301	Information 	Unknown 	2022-01-06 15:04:26 	admin 	The user has added a printer: 'kviuvuivjvuiviuubuvyuvuviv' with an id: '5' successfully 
3301	Warning 	Unknown 	2022-01-06 15:06:16 	admin 	The user has tried to add a printer: 'imageRUNNER IR 2530' that is already exist 
2301	Information 	Unknown 	2022-01-06 15:29:13 	admin 	The user has added a printer: 'wgoehoirmpowjjgonrgnoer' with an id: '6' successfully 
2203	Information 	Unknown 	2022-01-06 15:29:13 	admin 	The user has logged out after an inactive time 
2202	Information 	Unknown 	2022-01-06 15:29:13 	admin 	The user has logged out successfully 
2201	Information 	Unknown 	2022-01-06 15:29:22 	admin 	The user has logged in successfully 
2203	Information 	Unknown 	2022-01-06 15:46:39 	admin 	The user has logged out after an inactive time 
2202	Information 	Unknown 	2022-01-06 15:46:39 	admin 	The user has logged out successfully 
2201	Information 	Unknown 	2022-01-06 15:46:49 	admin 	The user has logged in successfully 
3321	Warning 	Unknown 	2022-01-06 15:47:14 	admin 	The user has tried to add a printer with an oversized Image: '20210920_144200.jpg', and Image size: '5456015' 
2301	Information 	Unknown 	2022-01-06 16:25:47 	admin 	The user has added a printer: 'dhierguiberiugb' with an id: '7' successfully 
2203	Information 	Unknown 	2022-01-06 16:25:47 	admin 	The user has logged out after an inactive time 
2202	Information 	Unknown 	2022-01-06 16:25:47 	admin 	The user has logged out successfully 
2201	Information 	Unknown 	2022-01-06 16:26:03 	admin 	The user has logged in successfully 
2203	Information 	Unknown 	2022-01-06 16:50:54 	admin 	The user has logged out after an inactive time 
2202	Information 	Unknown 	2022-01-06 16:50:54 	admin 	The user has logged out successfully 
4202	Error 	Unknown 	2022-01-06 16:51:05 	admin 	The user has tried to log in with the wrong password: 'A2w46x8s0'and the number of attempts is 1 
2201	Information 	Unknown 	2022-01-06 16:51:12 	admin 	The user has logged in successfully 
2203	Information 	Unknown 	2022-01-06 17:42:01 	admin 	The user has logged out after an inactive time 
2202	Information 	Unknown 	2022-01-06 17:42:01 	admin 	The user has logged out successfully 
2201	Information 	Unknown 	2022-01-06 17:42:08 	admin 	The user has logged in successfully 
3351	Warning 	Unknown 	2022-01-06 17:43:09 	admin 	The printer: 'i-SENSYS MF3010' with an id: '6' data could not be updated because the targeted model is already exist 
2351	Information 	Unknown 	2022-01-06 17:44:37 	admin 	The printer: 'dprmgkf' with an id: '6' data is updated successfully 
2203	Information 	 	2022-01-06 17:38:25 	admin 	The user has logged out after an inactive time 
2202	Information 	 	2022-01-06 17:38:25 	admin 	The user has logged out successfully 
2201	Information 	Unknown 	2022-01-06 18:38:36 	admin 	The user has logged in successfully 
3361	Warning 	Unknown 	2022-01-06 18:38:54 	admin 	The user has tried to edit the image of the printer that has an id: '6' with an oversized Image: '20210920_144200.jpg', and Image size: '5456015' 
3362	Warning 	Unknown 	2022-01-06 18:39:47 	admin 	The user has tried to update the image of the printer: '' that has an id: '6' with Image: 'Coptic Fonts.zip' that has an unallowed extension, and Image size: '2268838' 
3362	Warning 	Unknown 	2022-01-06 18:43:17 	admin 	The user has tried to update the image of the printer that has an id: '6' with Image: 'Android Multi Tools v1.02b_3.rar' that has an unallowed extension, and Image size: '339425' 
2361	Information 	Unknown 	2022-01-06 18:44:53 	admin 	The printer: 'dprmgkf' with an id: '6' image is updated successfully 
2203	Information 	 	2022-01-06 18:01:40 	admin 	The user has logged out after an inactive time 
2202	Information 	 	2022-01-06 18:01:40 	admin 	The user has logged out successfully 
2201	Information 	Unknown 	2022-01-06 19:01:56 	admin 	The user has logged in successfully 
2302	Information 	Unknown 	2022-01-06 19:04:58 	admin 	The printer: '' with an id: '' is deleted successfully 
2302	Information 	Unknown 	2022-01-06 19:08:36 	admin 	The printer: 'imageRUNNER IR 2600i' with an id: '' is deleted successfully 
2203	Information 	Unknown 	2022-01-06 22:03:43 	admin 	The user has logged out after an inactive time 
2202	Information 	Unknown 	2022-01-06 22:03:43 	admin 	The user has logged out successfully 
4201	Error 	Unknown 	2022-01-06 22:03:53 	admin 	The user has tried to log in with the wrong password: 'A22w4d6x8s0' 
2201	Information 	Unknown 	2022-01-06 22:04:04 	admin 	The user has logged in successfully 
2301	Information 	Unknown 	2022-01-06 22:04:58 	admin 	The user has added a printer: 'jeifi' with an id: '5' successfully 
2301	Information 	Unknown 	2022-01-06 22:05:44 	admin 	The user has added a printer: 'donviond' with an id: '6' successfully 
2302	Information 	Unknown 	2022-01-06 22:08:12 	admin 	The printer: 'jeifi' with an id: '5' is deleted successfully 
2302	Information 	Unknown 	2022-01-06 22:08:30 	admin 	The printer: 'donviond' with an id: '5' is deleted successfully 
2203	Information 	 	2022-01-06 22:23:40 	admin 	The user has logged out after an inactive time 
2202	Information 	 	2022-01-06 22:23:40 	admin 	The user has logged out successfully 
2201	Information 	Unknown 	2022-01-06 23:23:55 	admin 	The user has logged in successfully 
4242	Error 	Unknown 	2022-01-06 23:24:10 	admin 	The user has failed to confirm password: 'dnsopfnoe'and the number of attempts is 1 while changing the password for the user that has an id: '0' 
4242	Error 	Unknown 	2022-01-06 23:25:44 	admin 	The user has failed to confirm password: 'elfnoen'and the number of attempts is 2 while changing the password for the user that has an id: '0' 
4242	Error 	Unknown 	2022-01-06 23:25:49 	admin 	The user has failed to confirm password: 'snoef'and the number of attempts is 3 while changing the password for the user that has an id: '0' 
4242	Error 	Unknown 	2022-01-06 23:25:54 	admin 	The user has failed to confirm password: 'nonefi'and the number of attempts is 4 while changing the password for the user that has an id: '0' 
4242	Error 	Unknown 	2022-01-06 23:26:02 	admin 	The user has failed to confirm password: 'soiofe'and the number of attempts is 5 while changing the password for the user that has an id: '0' 
4243	Error 	Unknown 	2022-01-06 23:26:09 	admin 	The user has failed to confirm his password: 'klskndine', and the number of attempts has exceeded the limit while changing the password for the user that has an id: '0' 
4243	Error 	Unknown 	2022-01-06 23:27:44 	admin 	The user has failed to confirm his password: 'nfopnwo', and the number of attempts has exceeded the limit while changing the password for the user that has an id: '0' 
2241	Information 	Unknown 	2022-01-06 23:27:58 	admin 	The user has confirmed his password successfully to change the password for the user that has an id: '0' 
4243	Error 	Unknown 	2022-01-06 23:33:14 	admin 	The user has failed to confirm his password: 'slfno', and the number of attempts has exceeded the limit while changing the password for the user that has an id: '0' 
2241	Information 	Unknown 	2022-01-06 23:33:20 	admin 	The user has confirmed his password successfully to change the password for the user that has an id: '0' 
2203	Information 	 	2022-01-07 00:03:47 	admin 	The user has logged out after an inactive time 
2202	Information 	 	2022-01-07 00:03:47 	admin 	The user has logged out successfully 
2201	Information 	Unknown 	2022-01-07 01:03:59 	admin 	The user has logged in successfully 
4242	Error 	Unknown 	2022-01-07 01:04:12 	admin 	The user has failed to confirm password: 'uviuviubub'and the number of attempts is 1 while changing the password for the user that has an id: '0' 
4242	Error 	Unknown 	2022-01-07 01:04:18 	admin 	The user has failed to confirm password: 'vuvyuvyuv'and the number of attempts is 2 while changing the password for the user that has an id: '0' 
4242	Error 	Unknown 	2022-01-07 01:04:22 	admin 	The user has failed to confirm password: 'kuvuivuyv'and the number of attempts is 3 while changing the password for the user that has an id: '0' 
4242	Error 	Unknown 	2022-01-07 01:04:26 	admin 	The user has failed to confirm password: 'hvuviuv'and the number of attempts is 4 while changing the password for the user that has an id: '0' 
4242	Error 	Unknown 	2022-01-07 01:04:30 	admin 	The user has failed to confirm password: 'jvuyvyv'and the number of attempts is 5 while changing the password for the user that has an id: '0' 
4243	Error 	Unknown 	2022-01-07 01:04:35 	admin 	The user has failed to confirm his password: 'jhvuyvyuv', and the number of attempts has exceeded the limit while changing the password for the user that has an id: '0' 
3242	Warning 	Unknown 	2022-01-07 01:04:46 	admin 	The user has confirmed his password but after more than 5 attempts while changing the password for the user that has an id: '0' 
2241	Information 	Unknown 	2022-01-07 01:05:18 	admin 	The user has confirmed his password successfully to change the password for the user that has an id: '0' 
3261	Warning 	Unknown 	2022-01-07 00:09:18 	admin 	The user has failed to reset the password while changing the password for the user that has an id: '0' because the confirm password did not match 
2261	Information 	Unknown 	2022-01-07 01:09:42 	admin 	The password has been reset successfully for the user that has an id: '0' 
2241	Information 	Unknown 	2022-01-07 01:11:05 	admin 	The user has confirmed his password successfully to change the password for the user that has an id: '0' 
3262	Warning 	Unknown 	2022-01-07 00:11:15 	admin 	The user has failed to reset the password while changing the password for the user that has an id: '0' because the password does not meet the complexity 
2261	Information 	Unknown 	2022-01-07 01:12:42 	admin 	The password has been reset successfully for the user that has an id: '0' 
2203	Information 	Unknown 	2022-01-07 02:54:43 	admin 	The user has logged out after an inactive time 
2202	Information 	Unknown 	2022-01-07 02:54:43 	admin 	The user has logged out successfully 
2201	Information 	Unknown 	2022-01-07 02:58:34 	admin 	The user has logged in successfully 
2203	Information 	Unknown 	2022-01-07 04:54:01 	admin 	The user has logged out after an inactive time 
2202	Information 	Unknown 	2022-01-07 04:54:01 	admin 	The user has logged out successfully 
2201	Information 	Unknown 	2022-01-07 04:55:12 	admin 	The user has logged in successfully 
3103	Warning 	Unknown 	2022-01-08 11:50:53 	Someone has tried to search with an empty query 
3103	Warning 	Unknown 	2022-01-08 11:57:35 	Someone has tried to search with an empty query 
3103	Warning 	Unknown 	2022-01-08 11:57:41 	Someone has tried to search with an empty query 
3103	Warning 	Unknown 	2022-01-08 11:57:42 	Someone has tried to search with an empty query 
2201	Information 	Unknown 	2022-01-08 14:17:28 	admin 	The user has logged in successfully 
2301	Information 	Unknown 	2022-01-08 14:19:20 	admin 	The user has added a printer: 'hjbuyyv' with an id: '5' successfully 
3351	Warning 	Unknown 	2022-01-08 14:21:41 	admin 	The printer: 'hjbuyyv' with an id: '5' data could not be updated because the targeted model is already exist 
3351	Warning 	Unknown 	2022-01-08 14:23:28 	admin 	The printer: 'hjbuyyv' with an id: '5' data could not be updated because the targeted model is already exist 
2203	Information 	 	2022-01-08 13:42:47 	admin 	The user has logged out after an inactive time 
2202	Information 	 	2022-01-08 13:42:47 	admin 	The user has logged out successfully 
2201	Information 	Unknown 	2022-01-08 14:42:54 	admin 	The user has logged in successfully 
3351	Warning 	Unknown 	2022-01-08 14:43:24 	admin 	The printer: 'hjbuyyv' with an id: '5' data could not be updated because the targeted model is already exist 
3351	Warning 	Unknown 	2022-01-08 14:44:53 	admin 	The printer: 'hjbuyyv' with an id: '5' data could not be updated because the targeted model is already exist 
3351	Warning 	Unknown 	2022-01-08 14:45:12 	admin 	The printer: 'hjbuyyv' with an id: '5' data could not be updated because the targeted model is already exist 
2351	Information 	Unknown 	2022-01-08 14:46:52 	admin 	The printer: 'hjbuyyv' with an id: '5' data is updated successfully 
2351	Information 	Unknown 	2022-01-08 14:48:58 	admin 	The printer: 'hjbuyyv' with an id: '5' data is updated successfully 
2351	Information 	Unknown 	2022-01-08 14:49:55 	admin 	The printer: 'hjbuyyv' with an id: '5' data is updated successfully 
2302	Information 	Unknown 	2022-01-08 14:51:05 	admin 	The printer: 'hjbuyyv' with an id: '5' is deleted successfully 
2203	Information 	Unknown 	2022-01-08 18:33:15 	admin 	The user has logged out after an inactive time 
2202	Information 	Unknown 	2022-01-08 18:33:15 	admin 	The user has logged out successfully 
2201	Information 	Unknown 	2022-01-08 18:33:36 	admin 	The user has logged in successfully 
2202	Information 	 	2022-01-08 17:33:50 	admin 	The user has logged out successfully 
4202	Error 	Unknown 	2022-01-08 18:35:20 	admin 	The user has tried to log in with the wrong password: '1234567'and the number of attempts is 1 
